La génération a démarré 18/07/2015 23:51:43.
     1>Projet "D:\Data C\Bureau\ECRAN GAUCHE\Projet CardWars NicolasTaudiere ArthueFabre S2\CardWar\CardWar.vcxproj" sur le nœud 2 (build cible(s)).
     1>InitializeBuildStatus:
         Création de "Debug\CardWar.unsuccessfulbuild", car "AlwaysCreate" a été spécifié.
       ClCompile:
         d:\Data C\Bureau\Programmes\vbasic\VC\bin\CL.exe /c /ZI /nologo /W3 /WX- /Od /Oy- /D WIN32 /D _DEBUG /D _CONSOLE /D _UNICODE /D UNICODE /Gm /EHsc /RTC1 /MDd /GS /fp:precise /Zc:wchar_t /Zc:forScope /Fo"Debug\\" /Fd"Debug\vc100.pdb" /Gd /TP /analyze- /errorReport:prompt Cpp\Affichage.cpp Cpp\Corp.cpp Cpp\Jeu.cpp
         Affichage.cpp
         Génération de code en cours...
         Compilation en cours...
         Jeu.cpp
     1>d:\data c\bureau\ecran gauche\projet cardwars nicolastaudiere arthuefabre s2\cardwar\cpp\jeu.cpp(60): warning C4244: 'argument' : conversion de 'time_t' en 'unsigned int', perte possible de données
     1>d:\data c\bureau\ecran gauche\projet cardwars nicolastaudiere arthuefabre s2\cardwar\cpp\jeu.cpp(81): warning C4101: 'Buffer1' : variable locale non référencée
     1>d:\data c\bureau\ecran gauche\projet cardwars nicolastaudiere arthuefabre s2\cardwar\cpp\jeu.cpp(81): warning C4101: 'Buffer1_MEMO' : variable locale non référencée
     1>d:\data c\bureau\ecran gauche\projet cardwars nicolastaudiere arthuefabre s2\cardwar\cpp\jeu.cpp(1120): warning C4996: 'sprintf': This function or variable may be unsafe. Consider using sprintf_s instead. To disable deprecation, use _CRT_SECURE_NO_WARNINGS. See online help for details.
                 d:\data c\bureau\programmes\vbasic\vc\include\stdio.h(371) : voir la déclaration de 'sprintf'
     1>d:\data c\bureau\ecran gauche\projet cardwars nicolastaudiere arthuefabre s2\cardwar\cpp\jeu.cpp(1124): warning C4996: 'sprintf': This function or variable may be unsafe. Consider using sprintf_s instead. To disable deprecation, use _CRT_SECURE_NO_WARNINGS. See online help for details.
                 d:\data c\bureau\programmes\vbasic\vc\include\stdio.h(371) : voir la déclaration de 'sprintf'
     1>d:\data c\bureau\ecran gauche\projet cardwars nicolastaudiere arthuefabre s2\cardwar\cpp\jeu.cpp(1128): warning C4996: 'sprintf': This function or variable may be unsafe. Consider using sprintf_s instead. To disable deprecation, use _CRT_SECURE_NO_WARNINGS. See online help for details.
                 d:\data c\bureau\programmes\vbasic\vc\include\stdio.h(371) : voir la déclaration de 'sprintf'
     1>d:\data c\bureau\ecran gauche\projet cardwars nicolastaudiere arthuefabre s2\cardwar\cpp\jeu.cpp(1132): warning C4996: 'sprintf': This function or variable may be unsafe. Consider using sprintf_s instead. To disable deprecation, use _CRT_SECURE_NO_WARNINGS. See online help for details.
                 d:\data c\bureau\programmes\vbasic\vc\include\stdio.h(371) : voir la déclaration de 'sprintf'
         Corp.cpp
     1>d:\data c\bureau\ecran gauche\projet cardwars nicolastaudiere arthuefabre s2\cardwar\cpp\corp.cpp(206): warning C4996: 'sprintf': This function or variable may be unsafe. Consider using sprintf_s instead. To disable deprecation, use _CRT_SECURE_NO_WARNINGS. See online help for details.
                 d:\data c\bureau\programmes\vbasic\vc\include\stdio.h(371) : voir la déclaration de 'sprintf'
         Génération de code en cours...
       Link:
         d:\Data C\Bureau\Programmes\vbasic\VC\bin\link.exe /ERRORREPORT:PROMPT /OUT:"D:\Data C\Bureau\ECRAN GAUCHE\Projet CardWars NicolasTaudiere ArthueFabre S2\CardWar\Debug\CardWar.exe" /INCREMENTAL:NO /NOLOGO SDLmain.lib SDL.lib SDL_ttf.lib kernel32.lib user32.lib gdi32.lib winspool.lib comdlg32.lib advapi32.lib shell32.lib ole32.lib oleaut32.lib uuid.lib odbc32.lib odbccp32.lib /MANIFEST /ManifestFile:"Debug\CardWar.exe.intermediate.manifest" /MANIFESTUAC:"level='asInvoker' uiAccess='false'" /DEBUG /PDB:"D:\Data C\Bureau\ECRAN GAUCHE\Projet CardWars NicolasTaudiere ArthueFabre S2\CardWar\Debug\CardWar.pdb" /SUBSYSTEM:CONSOLE /TLBID:1 /DYNAMICBASE /NXCOMPAT /IMPLIB:"D:\Data C\Bureau\ECRAN GAUCHE\Projet CardWars NicolasTaudiere ArthueFabre S2\CardWar\Debug\CardWar.lib" /MACHINE:X86 Debug\Affichage.obj
         Debug\Cartes.obj
         Debug\Corp.obj
         Debug\Jeu.obj
     1>Affichage.obj : warning LNK4075: ' /EDITANDCONTINUE' ignoré à cause de la spécification '/INCREMENTAL:NO'
     1>MSVCRTD.lib(cinitexe.obj) : warning LNK4098: conflit entre la bibliothèque par défaut 'msvcrt.lib' et les autres bibliothèques ; utilisez /NODEFAULTLIB:library
         CardWar.vcxproj -> D:\Data C\Bureau\ECRAN GAUCHE\Projet CardWars NicolasTaudiere ArthueFabre S2\CardWar\Debug\CardWar.exe
       Manifest:
         C:\Program Files (x86)\Microsoft SDKs\Windows\v7.0A\bin\mt.exe /nologo /verbose /outputresource:"D:\Data C\Bureau\ECRAN GAUCHE\Projet CardWars NicolasTaudiere ArthueFabre S2\CardWar\Debug\CardWar.exe;#1" /manifest Debug\CardWar.exe.intermediate.manifest
       FinalizeBuildStatus:
         Suppression du fichier "Debug\CardWar.unsuccessfulbuild".
         Mise à jour de l'horodatage "Debug\CardWar.lastbuildstate".
     1>Génération du projet "D:\Data C\Bureau\ECRAN GAUCHE\Projet CardWars NicolasTaudiere ArthueFabre S2\CardWar\CardWar.vcxproj" terminée (build cible(s)).

La génération a réussi.

Temps écoulé 00:00:01.74
