La génération a démarré 17/05/2015 13:17:40.
     1>Projet "D:\Data C\Bureau\CardWar\Projet total\CardWar\CardWar.vcxproj" sur le nœud 2 (build cible(s)).
     1>InitializeBuildStatus:
         Mise à jour de l'horodatage "Release\CardWar.unsuccessfulbuild".
       ClCompile:
         d:\Data C\Bureau\Programmes\vbasic\VC\bin\CL.exe /c /Zi /nologo /W3 /WX- /O2 /Oi /Oy- /GL /D WIN32 /D NDEBUG /D _CONSOLE /D _UNICODE /D UNICODE /Gm- /EHsc /MD /GS /Gy /fp:precise /Zc:wchar_t /Zc:forScope /Fo"Release\\" /Fd"Release\vc100.pdb" /Gd /TP /analyze- /errorReport:prompt Cpp\Affichage.cpp Cpp\Cartes.cpp Cpp\Corp.cpp Cpp\Jeu.cpp
         Affichage.cpp
         Cartes.cpp
         Corp.cpp
     1>Cpp\Corp.cpp(190): warning C4996: 'sprintf': This function or variable may be unsafe. Consider using sprintf_s instead. To disable deprecation, use _CRT_SECURE_NO_WARNINGS. See online help for details.
                 d:\Data C\Bureau\Programmes\vbasic\VC\include\stdio.h(371) : voir la déclaration de 'sprintf'
         Jeu.cpp
     1>Cpp\Jeu.cpp(62): warning C4244: 'argument' : conversion de 'time_t' en 'unsigned int', perte possible de données
     1>Cpp\Jeu.cpp(70): warning C4101: 'Zone1' : variable locale non référencée
     1>Cpp\Jeu.cpp(72): warning C4101: 'Zone3_CT' : variable locale non référencée
       Link:
         d:\Data C\Bureau\Programmes\vbasic\VC\bin\link.exe /ERRORREPORT:PROMPT /OUT:"D:\Data C\Bureau\CardWar\Projet total\CardWar\Release\CardWar.exe" /INCREMENTAL:NO /NOLOGO kernel32.lib user32.lib gdi32.lib winspool.lib comdlg32.lib advapi32.lib shell32.lib ole32.lib oleaut32.lib uuid.lib odbc32.lib odbccp32.lib /MANIFEST /ManifestFile:"Release\CardWar.exe.intermediate.manifest" /MANIFESTUAC:"level='asInvoker' uiAccess='false'" /DEBUG /PDB:"D:\Data C\Bureau\CardWar\Projet total\CardWar\Release\CardWar.pdb" /SUBSYSTEM:CONSOLE /OPT:REF /OPT:ICF /LTCG /TLBID:1 /DYNAMICBASE /NXCOMPAT /IMPLIB:"D:\Data C\Bureau\CardWar\Projet total\CardWar\Release\CardWar.lib" /MACHINE:X86 Release\Affichage.obj
         Release\Cartes.obj
         Release\Corp.obj
         Release\Jeu.obj
     1>Affichage.obj : error LNK2001: symbole externe non résolu _SDL_Init
     1>Affichage.obj : error LNK2001: symbole externe non résolu _SDL_SetVideoMode
     1>Affichage.obj : error LNK2001: symbole externe non résolu _SDL_RWFromFile
     1>Affichage.obj : error LNK2001: symbole externe non résolu _SDL_WM_SetCaption
     1>Affichage.obj : error LNK2001: symbole externe non résolu _SDL_LoadBMP_RW
     1>Affichage.obj : error LNK2001: symbole externe non résolu _SDL_SetAlpha
     1>Affichage.obj : error LNK2001: symbole externe non résolu _SDL_UpperBlit
     1>Affichage.obj : error LNK2001: symbole externe non résolu _SDL_SetColorKey
     1>Affichage.obj : error LNK2001: symbole externe non résolu _SDL_MapRGB
     1>Affichage.obj : error LNK2001: symbole externe non résolu _SDL_Flip
     1>Affichage.obj : error LNK2001: symbole externe non résolu _SDL_Quit
     1>Affichage.obj : error LNK2001: symbole externe non résolu _SDL_FreeSurface
     1>Corp.obj : error LNK2001: symbole externe non résolu _SDL_PollEvent
     1>Corp.obj : error LNK2001: symbole externe non résolu _TTF_RenderText_Solid
     1>Corp.obj : error LNK2001: symbole externe non résolu _TTF_OpenFont
     1>Corp.obj : error LNK2001: symbole externe non résolu _TTF_Init
     1>Corp.obj : error LNK2001: symbole externe non résolu _TTF_Quit
     1>MSVCRT.lib(crtexe.obj) : error LNK2001: symbole externe non résolu _main
     1>D:\Data C\Bureau\CardWar\Projet total\CardWar\Release\CardWar.exe : fatal error LNK1120: 18 externes non résolus
     1>Génération du projet "D:\Data C\Bureau\CardWar\Projet total\CardWar\CardWar.vcxproj" terminée (build cible(s)) -- ÉCHEC.

ÉCHEC de la build.

Temps écoulé 00:00:01.10
